<?xml version="1.0" encoding="UTF-8"?>
<testsuite xmlns:xsi="http://www.w3.org/2001/XMLSchema-instance" xsi:noNamespaceSchemaLocation="https://maven.apache.org/surefire/maven-surefire-plugin/xsd/surefire-test-report.xsd" name="com.emax_it.rsa.RSAUtilUnitTest" time="1.093" tests="2" errors="0" skipped="0" failures="0">
  <properties>
    <property name="sun.desktop" value="windows"/>
    <property name="awt.toolkit" value="sun.awt.windows.WToolkit"/>
    <property name="file.encoding.pkg" value="sun.io"/>
    <property name="java.specification.version" value="1.8"/>
    <property name="sun.cpu.isalist" value="amd64"/>
    <property name="sun.jnu.encoding" value="Cp1252"/>
    <property name="java.class.path" value="C:\Daten\dev\intelliWorkspace\encrypt-decrypt\target\test-classes;C:\Daten\dev\intelliWorkspace\encrypt-decrypt\target\classes;C:\Users\alexsimo.ALEXSIMO-SBOOK\.m2\repository\commons-codec\commons-codec\1.15\commons-codec-1.15.jar;C:\Users\alexsimo.ALEXSIMO-SBOOK\.m2\repository\org\bouncycastle\bcprov-jdk15on\1.68\bcprov-jdk15on-1.68.jar;C:\Users\alexsimo.ALEXSIMO-SBOOK\.m2\repository\wsdl4j\wsdl4j\1.6.3\wsdl4j-1.6.3.jar;C:\Users\alexsimo.ALEXSIMO-SBOOK\.m2\repository\org\springframework\boot\spring-boot-starter-web\2.3.8.RELEASE\spring-boot-starter-web-2.3.8.RELEASE.jar;C:\Users\alexsimo.ALEXSIMO-SBOOK\.m2\repository\org\springframework\boot\spring-boot-starter\2.3.8.RELEASE\spring-boot-starter-2.3.8.RELEASE.jar;C:\Users\alexsimo.ALEXSIMO-SBOOK\.m2\repository\org\springframework\boot\spring-boot\2.3.8.RELEASE\spring-boot-2.3.8.RELEASE.jar;C:\Users\alexsimo.ALEXSIMO-SBOOK\.m2\repository\org\springframework\boot\spring-boot-autoconfigure\2.3.8.RELEASE\spring-boot-autoconfigure-2.3.8.RELEASE.jar;C:\Users\alexsimo.ALEXSIMO-SBOOK\.m2\repository\org\springframework\boot\spring-boot-starter-logging\2.3.8.RELEASE\spring-boot-starter-logging-2.3.8.RELEASE.jar;C:\Users\alexsimo.ALEXSIMO-SBOOK\.m2\repository\ch\qos\logback\logback-classic\1.2.3\logback-classic-1.2.3.jar;C:\Users\alexsimo.ALEXSIMO-SBOOK\.m2\repository\ch\qos\logback\logback-core\1.2.3\logback-core-1.2.3.jar;C:\Users\alexsimo.ALEXSIMO-SBOOK\.m2\repository\org\apache\logging\log4j\log4j-to-slf4j\2.13.3\log4j-to-slf4j-2.13.3.jar;C:\Users\alexsimo.ALEXSIMO-SBOOK\.m2\repository\org\apache\logging\log4j\log4j-api\2.13.3\log4j-api-2.13.3.jar;C:\Users\alexsimo.ALEXSIMO-SBOOK\.m2\repository\org\slf4j\jul-to-slf4j\1.7.30\jul-to-slf4j-1.7.30.jar;C:\Users\alexsimo.ALEXSIMO-SBOOK\.m2\repository\jakarta\annotation\jakarta.annotation-api\1.3.5\jakarta.annotation-api-1.3.5.jar;C:\Users\alexsimo.ALEXSIMO-SBOOK\.m2\repository\org\yaml\snakeyaml\1.26\snakeyaml-1.26.jar;C:\Users\alexsimo.ALEXSIMO-SBOOK\.m2\repository\org\springframework\boot\spring-boot-starter-json\2.3.8.RELEASE\spring-boot-starter-json-2.3.8.RELEASE.jar;C:\Users\alexsimo.ALEXSIMO-SBOOK\.m2\repository\com\fasterxml\jackson\core\jackson-databind\2.11.4\jackson-databind-2.11.4.jar;C:\Users\alexsimo.ALEXSIMO-SBOOK\.m2\repository\com\fasterxml\jackson\core\jackson-annotations\2.11.4\jackson-annotations-2.11.4.jar;C:\Users\alexsimo.ALEXSIMO-SBOOK\.m2\repository\com\fasterxml\jackson\core\jackson-core\2.11.4\jackson-core-2.11.4.jar;C:\Users\alexsimo.ALEXSIMO-SBOOK\.m2\repository\com\fasterxml\jackson\datatype\jackson-datatype-jdk8\2.11.4\jackson-datatype-jdk8-2.11.4.jar;C:\Users\alexsimo.ALEXSIMO-SBOOK\.m2\repository\com\fasterxml\jackson\datatype\jackson-datatype-jsr310\2.11.4\jackson-datatype-jsr310-2.11.4.jar;C:\Users\alexsimo.ALEXSIMO-SBOOK\.m2\repository\com\fasterxml\jackson\module\jackson-module-parameter-names\2.11.4\jackson-module-parameter-names-2.11.4.jar;C:\Users\alexsimo.ALEXSIMO-SBOOK\.m2\repository\org\springframework\boot\spring-boot-starter-tomcat\2.3.8.RELEASE\spring-boot-starter-tomcat-2.3.8.RELEASE.jar;C:\Users\alexsimo.ALEXSIMO-SBOOK\.m2\repository\org\apache\tomcat\embed\tomcat-embed-core\9.0.41\tomcat-embed-core-9.0.41.jar;C:\Users\alexsimo.ALEXSIMO-SBOOK\.m2\repository\org\glassfish\jakarta.el\3.0.3\jakarta.el-3.0.3.jar;C:\Users\alexsimo.ALEXSIMO-SBOOK\.m2\repository\org\apache\tomcat\embed\tomcat-embed-websocket\9.0.41\tomcat-embed-websocket-9.0.41.jar;C:\Users\alexsimo.ALEXSIMO-SBOOK\.m2\repository\org\springframework\spring-web\5.2.12.RELEASE\spring-web-5.2.12.RELEASE.jar;C:\Users\alexsimo.ALEXSIMO-SBOOK\.m2\repository\org\springframework\spring-beans\5.2.12.RELEASE\spring-beans-5.2.12.RELEASE.jar;C:\Users\alexsimo.ALEXSIMO-SBOOK\.m2\repository\org\springframework\spring-webmvc\5.2.12.RELEASE\spring-webmvc-5.2.12.RELEASE.jar;C:\Users\alexsimo.ALEXSIMO-SBOOK\.m2\repository\org\springframework\spring-aop\5.2.12.RELEASE\spring-aop-5.2.12.RELEASE.jar;C:\Users\alexsimo.ALEXSIMO-SBOOK\.m2\repository\org\springframework\spring-context\5.2.12.RELEASE\spring-context-5.2.12.RELEASE.jar;C:\Users\alexsimo.ALEXSIMO-SBOOK\.m2\repository\org\springframework\spring-expression\5.2.12.RELEASE\spring-expression-5.2.12.RELEASE.jar;C:\Users\alexsimo.ALEXSIMO-SBOOK\.m2\repository\org\springframework\boot\spring-boot-starter-web-services\2.3.8.RELEASE\spring-boot-starter-web-services-2.3.8.RELEASE.jar;C:\Users\alexsimo.ALEXSIMO-SBOOK\.m2\repository\com\sun\xml\messaging\saaj\saaj-impl\1.5.2\saaj-impl-1.5.2.jar;C:\Users\alexsimo.ALEXSIMO-SBOOK\.m2\repository\jakarta\xml\soap\jakarta.xml.soap-api\1.4.2\jakarta.xml.soap-api-1.4.2.jar;C:\Users\alexsimo.ALEXSIMO-SBOOK\.m2\repository\org\jvnet\staxex\stax-ex\1.8.3\stax-ex-1.8.3.jar;C:\Users\alexsimo.ALEXSIMO-SBOOK\.m2\repository\com\sun\activation\jakarta.activation\1.2.2\jakarta.activation-1.2.2.jar;C:\Users\alexsimo.ALEXSIMO-SBOOK\.m2\repository\jakarta\xml\ws\jakarta.xml.ws-api\2.3.3\jakarta.xml.ws-api-2.3.3.jar;C:\Users\alexsimo.ALEXSIMO-SBOOK\.m2\repository\jakarta\jws\jakarta.jws-api\2.1.0\jakarta.jws-api-2.1.0.jar;C:\Users\alexsimo.ALEXSIMO-SBOOK\.m2\repository\org\springframework\spring-oxm\5.2.12.RELEASE\spring-oxm-5.2.12.RELEASE.jar;C:\Users\alexsimo.ALEXSIMO-SBOOK\.m2\repository\org\springframework\ws\spring-ws-core\3.0.10.RELEASE\spring-ws-core-3.0.10.RELEASE.jar;C:\Users\alexsimo.ALEXSIMO-SBOOK\.m2\repository\org\springframework\ws\spring-xml\3.0.10.RELEASE\spring-xml-3.0.10.RELEASE.jar;C:\Users\alexsimo.ALEXSIMO-SBOOK\.m2\repository\org\springframework\boot\spring-boot-starter-test\2.3.8.RELEASE\spring-boot-starter-test-2.3.8.RELEASE.jar;C:\Users\alexsimo.ALEXSIMO-SBOOK\.m2\repository\org\springframework\boot\spring-boot-test\2.3.8.RELEASE\spring-boot-test-2.3.8.RELEASE.jar;C:\Users\alexsimo.ALEXSIMO-SBOOK\.m2\repository\org\springframework\boot\spring-boot-test-autoconfigure\2.3.8.RELEASE\spring-boot-test-autoconfigure-2.3.8.RELEASE.jar;C:\Users\alexsimo.ALEXSIMO-SBOOK\.m2\repository\com\jayway\jsonpath\json-path\2.4.0\json-path-2.4.0.jar;C:\Users\alexsimo.ALEXSIMO-SBOOK\.m2\repository\net\minidev\json-smart\2.3\json-smart-2.3.jar;C:\Users\alexsimo.ALEXSIMO-SBOOK\.m2\repository\net\minidev\accessors-smart\1.2\accessors-smart-1.2.jar;C:\Users\alexsimo.ALEXSIMO-SBOOK\.m2\repository\org\ow2\asm\asm\5.0.4\asm-5.0.4.jar;C:\Users\alexsimo.ALEXSIMO-SBOOK\.m2\repository\org\slf4j\slf4j-api\1.7.30\slf4j-api-1.7.30.jar;C:\Users\alexsimo.ALEXSIMO-SBOOK\.m2\repository\jakarta\xml\bind\jakarta.xml.bind-api\2.3.3\jakarta.xml.bind-api-2.3.3.jar;C:\Users\alexsimo.ALEXSIMO-SBOOK\.m2\repository\jakarta\activation\jakarta.activation-api\1.2.2\jakarta.activation-api-1.2.2.jar;C:\Users\alexsimo.ALEXSIMO-SBOOK\.m2\repository\org\hamcrest\hamcrest\2.2\hamcrest-2.2.jar;C:\Users\alexsimo.ALEXSIMO-SBOOK\.m2\repository\org\mockito\mockito-core\3.3.3\mockito-core-3.3.3.jar;C:\Users\alexsimo.ALEXSIMO-SBOOK\.m2\repository\net\bytebuddy\byte-buddy\1.10.19\byte-buddy-1.10.19.jar;C:\Users\alexsimo.ALEXSIMO-SBOOK\.m2\repository\net\bytebuddy\byte-buddy-agent\1.10.19\byte-buddy-agent-1.10.19.jar;C:\Users\alexsimo.ALEXSIMO-SBOOK\.m2\repository\org\objenesis\objenesis\2.6\objenesis-2.6.jar;C:\Users\alexsimo.ALEXSIMO-SBOOK\.m2\repository\org\mockito\mockito-junit-jupiter\3.3.3\mockito-junit-jupiter-3.3.3.jar;C:\Users\alexsimo.ALEXSIMO-SBOOK\.m2\repository\org\skyscreamer\jsonassert\1.5.0\jsonassert-1.5.0.jar;C:\Users\alexsimo.ALEXSIMO-SBOOK\.m2\repository\com\vaadin\external\google\android-json\0.0.20131108.vaadin1\android-json-0.0.20131108.vaadin1.jar;C:\Users\alexsimo.ALEXSIMO-SBOOK\.m2\repository\org\springframework\spring-core\5.2.12.RELEASE\spring-core-5.2.12.RELEASE.jar;C:\Users\alexsimo.ALEXSIMO-SBOOK\.m2\repository\org\springframework\spring-jcl\5.2.12.RELEASE\spring-jcl-5.2.12.RELEASE.jar;C:\Users\alexsimo.ALEXSIMO-SBOOK\.m2\repository\org\springframework\spring-test\5.2.12.RELEASE\spring-test-5.2.12.RELEASE.jar;C:\Users\alexsimo.ALEXSIMO-SBOOK\.m2\repository\org\xmlunit\xmlunit-core\2.7.0\xmlunit-core-2.7.0.jar;C:\Users\alexsimo.ALEXSIMO-SBOOK\.m2\repository\org\assertj\assertj-core\3.18.0\assertj-core-3.18.0.jar;C:\Users\alexsimo.ALEXSIMO-SBOOK\.m2\repository\org\junit\jupiter\junit-jupiter\5.7.0\junit-jupiter-5.7.0.jar;C:\Users\alexsimo.ALEXSIMO-SBOOK\.m2\repository\org\junit\jupiter\junit-jupiter-api\5.7.0\junit-jupiter-api-5.7.0.jar;C:\Users\alexsimo.ALEXSIMO-SBOOK\.m2\repository\org\opentest4j\opentest4j\1.2.0\opentest4j-1.2.0.jar;C:\Users\alexsimo.ALEXSIMO-SBOOK\.m2\repository\org\junit\platform\junit-platform-commons\1.7.0\junit-platform-commons-1.7.0.jar;C:\Users\alexsimo.ALEXSIMO-SBOOK\.m2\repository\org\junit\jupiter\junit-jupiter-params\5.7.0\junit-jupiter-params-5.7.0.jar;C:\Users\alexsimo.ALEXSIMO-SBOOK\.m2\repository\org\junit\jupiter\junit-jupiter-engine\5.7.0\junit-jupiter-engine-5.7.0.jar;C:\Users\alexsimo.ALEXSIMO-SBOOK\.m2\repository\org\junit\vintage\junit-vintage-engine\5.7.0\junit-vintage-engine-5.7.0.jar;C:\Users\alexsimo.ALEXSIMO-SBOOK\.m2\repository\org\apiguardian\apiguardian-api\1.1.0\apiguardian-api-1.1.0.jar;C:\Users\alexsimo.ALEXSIMO-SBOOK\.m2\repository\org\junit\platform\junit-platform-engine\1.7.0\junit-platform-engine-1.7.0.jar;C:\Users\alexsimo.ALEXSIMO-SBOOK\.m2\repository\junit\junit\4.13.1\junit-4.13.1.jar;C:\Users\alexsimo.ALEXSIMO-SBOOK\.m2\repository\org\hamcrest\hamcrest-core\2.2\hamcrest-core-2.2.jar;C:\Users\alexsimo.ALEXSIMO-SBOOK\.m2\repository\javax\xml\bind\jaxb-api\2.3.1\jaxb-api-2.3.1.jar;C:\Users\alexsimo.ALEXSIMO-SBOOK\.m2\repository\javax\activation\javax.activation-api\1.2.0\javax.activation-api-1.2.0.jar;"/>
    <property name="java.vm.vendor" value="Oracle Corporation"/>
    <property name="sun.arch.data.model" value="64"/>
    <property name="user.variant" value=""/>
    <property name="java.vendor.url" value="http://java.oracle.com/"/>
    <property name="user.timezone" value="Europe/Berlin"/>
    <property name="java.vm.specification.version" value="1.8"/>
    <property name="os.name" value="Windows 10"/>
    <property name="user.country" value="DE"/>
    <property name="sun.java.launcher" value="SUN_STANDARD"/>
    <property name="sun.boot.library.path" value="C:\Daten\dev\jdk1.8.0_231\jre\bin"/>
    <property name="sun.java.command" value="C:\Users\ALEXSI~1.ALE\AppData\Local\Temp\surefire8695518304490469981\surefirebooter7670933216452136501.jar C:\Users\alexsimo.ALEXSIMO-SBOOK\AppData\Local\Temp\surefire8695518304490469981 2021-01-18T17-28-45_210-jvmRun1 surefire5292517873258111032tmp surefire_07758798182645076062tmp"/>
    <property name="surefire.test.class.path" value="C:\Daten\dev\intelliWorkspace\encrypt-decrypt\target\test-classes;C:\Daten\dev\intelliWorkspace\encrypt-decrypt\target\classes;C:\Users\alexsimo.ALEXSIMO-SBOOK\.m2\repository\commons-codec\commons-codec\1.15\commons-codec-1.15.jar;C:\Users\alexsimo.ALEXSIMO-SBOOK\.m2\repository\org\bouncycastle\bcprov-jdk15on\1.68\bcprov-jdk15on-1.68.jar;C:\Users\alexsimo.ALEXSIMO-SBOOK\.m2\repository\wsdl4j\wsdl4j\1.6.3\wsdl4j-1.6.3.jar;C:\Users\alexsimo.ALEXSIMO-SBOOK\.m2\repository\org\springframework\boot\spring-boot-starter-web\2.3.8.RELEASE\spring-boot-starter-web-2.3.8.RELEASE.jar;C:\Users\alexsimo.ALEXSIMO-SBOOK\.m2\repository\org\springframework\boot\spring-boot-starter\2.3.8.RELEASE\spring-boot-starter-2.3.8.RELEASE.jar;C:\Users\alexsimo.ALEXSIMO-SBOOK\.m2\repository\org\springframework\boot\spring-boot\2.3.8.RELEASE\spring-boot-2.3.8.RELEASE.jar;C:\Users\alexsimo.ALEXSIMO-SBOOK\.m2\repository\org\springframework\boot\spring-boot-autoconfigure\2.3.8.RELEASE\spring-boot-autoconfigure-2.3.8.RELEASE.jar;C:\Users\alexsimo.ALEXSIMO-SBOOK\.m2\repository\org\springframework\boot\spring-boot-starter-logging\2.3.8.RELEASE\spring-boot-starter-logging-2.3.8.RELEASE.jar;C:\Users\alexsimo.ALEXSIMO-SBOOK\.m2\repository\ch\qos\logback\logback-classic\1.2.3\logback-classic-1.2.3.jar;C:\Users\alexsimo.ALEXSIMO-SBOOK\.m2\repository\ch\qos\logback\logback-core\1.2.3\logback-core-1.2.3.jar;C:\Users\alexsimo.ALEXSIMO-SBOOK\.m2\repository\org\apache\logging\log4j\log4j-to-slf4j\2.13.3\log4j-to-slf4j-2.13.3.jar;C:\Users\alexsimo.ALEXSIMO-SBOOK\.m2\repository\org\apache\logging\log4j\log4j-api\2.13.3\log4j-api-2.13.3.jar;C:\Users\alexsimo.ALEXSIMO-SBOOK\.m2\repository\org\slf4j\jul-to-slf4j\1.7.30\jul-to-slf4j-1.7.30.jar;C:\Users\alexsimo.ALEXSIMO-SBOOK\.m2\repository\jakarta\annotation\jakarta.annotation-api\1.3.5\jakarta.annotation-api-1.3.5.jar;C:\Users\alexsimo.ALEXSIMO-SBOOK\.m2\repository\org\yaml\snakeyaml\1.26\snakeyaml-1.26.jar;C:\Users\alexsimo.ALEXSIMO-SBOOK\.m2\repository\org\springframework\boot\spring-boot-starter-json\2.3.8.RELEASE\spring-boot-starter-json-2.3.8.RELEASE.jar;C:\Users\alexsimo.ALEXSIMO-SBOOK\.m2\repository\com\fasterxml\jackson\core\jackson-databind\2.11.4\jackson-databind-2.11.4.jar;C:\Users\alexsimo.ALEXSIMO-SBOOK\.m2\repository\com\fasterxml\jackson\core\jackson-annotations\2.11.4\jackson-annotations-2.11.4.jar;C:\Users\alexsimo.ALEXSIMO-SBOOK\.m2\repository\com\fasterxml\jackson\core\jackson-core\2.11.4\jackson-core-2.11.4.jar;C:\Users\alexsimo.ALEXSIMO-SBOOK\.m2\repository\com\fasterxml\jackson\datatype\jackson-datatype-jdk8\2.11.4\jackson-datatype-jdk8-2.11.4.jar;C:\Users\alexsimo.ALEXSIMO-SBOOK\.m2\repository\com\fasterxml\jackson\datatype\jackson-datatype-jsr310\2.11.4\jackson-datatype-jsr310-2.11.4.jar;C:\Users\alexsimo.ALEXSIMO-SBOOK\.m2\repository\com\fasterxml\jackson\module\jackson-module-parameter-names\2.11.4\jackson-module-parameter-names-2.11.4.jar;C:\Users\alexsimo.ALEXSIMO-SBOOK\.m2\repository\org\springframework\boot\spring-boot-starter-tomcat\2.3.8.RELEASE\spring-boot-starter-tomcat-2.3.8.RELEASE.jar;C:\Users\alexsimo.ALEXSIMO-SBOOK\.m2\repository\org\apache\tomcat\embed\tomcat-embed-core\9.0.41\tomcat-embed-core-9.0.41.jar;C:\Users\alexsimo.ALEXSIMO-SBOOK\.m2\repository\org\glassfish\jakarta.el\3.0.3\jakarta.el-3.0.3.jar;C:\Users\alexsimo.ALEXSIMO-SBOOK\.m2\repository\org\apache\tomcat\embed\tomcat-embed-websocket\9.0.41\tomcat-embed-websocket-9.0.41.jar;C:\Users\alexsimo.ALEXSIMO-SBOOK\.m2\repository\org\springframework\spring-web\5.2.12.RELEASE\spring-web-5.2.12.RELEASE.jar;C:\Users\alexsimo.ALEXSIMO-SBOOK\.m2\repository\org\springframework\spring-beans\5.2.12.RELEASE\spring-beans-5.2.12.RELEASE.jar;C:\Users\alexsimo.ALEXSIMO-SBOOK\.m2\repository\org\springframework\spring-webmvc\5.2.12.RELEASE\spring-webmvc-5.2.12.RELEASE.jar;C:\Users\alexsimo.ALEXSIMO-SBOOK\.m2\repository\org\springframework\spring-aop\5.2.12.RELEASE\spring-aop-5.2.12.RELEASE.jar;C:\Users\alexsimo.ALEXSIMO-SBOOK\.m2\repository\org\springframework\spring-context\5.2.12.RELEASE\spring-context-5.2.12.RELEASE.jar;C:\Users\alexsimo.ALEXSIMO-SBOOK\.m2\repository\org\springframework\spring-expression\5.2.12.RELEASE\spring-expression-5.2.12.RELEASE.jar;C:\Users\alexsimo.ALEXSIMO-SBOOK\.m2\repository\org\springframework\boot\spring-boot-starter-web-services\2.3.8.RELEASE\spring-boot-starter-web-services-2.3.8.RELEASE.jar;C:\Users\alexsimo.ALEXSIMO-SBOOK\.m2\repository\com\sun\xml\messaging\saaj\saaj-impl\1.5.2\saaj-impl-1.5.2.jar;C:\Users\alexsimo.ALEXSIMO-SBOOK\.m2\repository\jakarta\xml\soap\jakarta.xml.soap-api\1.4.2\jakarta.xml.soap-api-1.4.2.jar;C:\Users\alexsimo.ALEXSIMO-SBOOK\.m2\repository\org\jvnet\staxex\stax-ex\1.8.3\stax-ex-1.8.3.jar;C:\Users\alexsimo.ALEXSIMO-SBOOK\.m2\repository\com\sun\activation\jakarta.activation\1.2.2\jakarta.activation-1.2.2.jar;C:\Users\alexsimo.ALEXSIMO-SBOOK\.m2\repository\jakarta\xml\ws\jakarta.xml.ws-api\2.3.3\jakarta.xml.ws-api-2.3.3.jar;C:\Users\alexsimo.ALEXSIMO-SBOOK\.m2\repository\jakarta\jws\jakarta.jws-api\2.1.0\jakarta.jws-api-2.1.0.jar;C:\Users\alexsimo.ALEXSIMO-SBOOK\.m2\repository\org\springframework\spring-oxm\5.2.12.RELEASE\spring-oxm-5.2.12.RELEASE.jar;C:\Users\alexsimo.ALEXSIMO-SBOOK\.m2\repository\org\springframework\ws\spring-ws-core\3.0.10.RELEASE\spring-ws-core-3.0.10.RELEASE.jar;C:\Users\alexsimo.ALEXSIMO-SBOOK\.m2\repository\org\springframework\ws\spring-xml\3.0.10.RELEASE\spring-xml-3.0.10.RELEASE.jar;C:\Users\alexsimo.ALEXSIMO-SBOOK\.m2\repository\org\springframework\boot\spring-boot-starter-test\2.3.8.RELEASE\spring-boot-starter-test-2.3.8.RELEASE.jar;C:\Users\alexsimo.ALEXSIMO-SBOOK\.m2\repository\org\springframework\boot\spring-boot-test\2.3.8.RELEASE\spring-boot-test-2.3.8.RELEASE.jar;C:\Users\alexsimo.ALEXSIMO-SBOOK\.m2\repository\org\springframework\boot\spring-boot-test-autoconfigure\2.3.8.RELEASE\spring-boot-test-autoconfigure-2.3.8.RELEASE.jar;C:\Users\alexsimo.ALEXSIMO-SBOOK\.m2\repository\com\jayway\jsonpath\json-path\2.4.0\json-path-2.4.0.jar;C:\Users\alexsimo.ALEXSIMO-SBOOK\.m2\repository\net\minidev\json-smart\2.3\json-smart-2.3.jar;C:\Users\alexsimo.ALEXSIMO-SBOOK\.m2\repository\net\minidev\accessors-smart\1.2\accessors-smart-1.2.jar;C:\Users\alexsimo.ALEXSIMO-SBOOK\.m2\repository\org\ow2\asm\asm\5.0.4\asm-5.0.4.jar;C:\Users\alexsimo.ALEXSIMO-SBOOK\.m2\repository\org\slf4j\slf4j-api\1.7.30\slf4j-api-1.7.30.jar;C:\Users\alexsimo.ALEXSIMO-SBOOK\.m2\repository\jakarta\xml\bind\jakarta.xml.bind-api\2.3.3\jakarta.xml.bind-api-2.3.3.jar;C:\Users\alexsimo.ALEXSIMO-SBOOK\.m2\repository\jakarta\activation\jakarta.activation-api\1.2.2\jakarta.activation-api-1.2.2.jar;C:\Users\alexsimo.ALEXSIMO-SBOOK\.m2\repository\org\hamcrest\hamcrest\2.2\hamcrest-2.2.jar;C:\Users\alexsimo.ALEXSIMO-SBOOK\.m2\repository\org\mockito\mockito-core\3.3.3\mockito-core-3.3.3.jar;C:\Users\alexsimo.ALEXSIMO-SBOOK\.m2\repository\net\bytebuddy\byte-buddy\1.10.19\byte-buddy-1.10.19.jar;C:\Users\alexsimo.ALEXSIMO-SBOOK\.m2\repository\net\bytebuddy\byte-buddy-agent\1.10.19\byte-buddy-agent-1.10.19.jar;C:\Users\alexsimo.ALEXSIMO-SBOOK\.m2\repository\org\objenesis\objenesis\2.6\objenesis-2.6.jar;C:\Users\alexsimo.ALEXSIMO-SBOOK\.m2\repository\org\mockito\mockito-junit-jupiter\3.3.3\mockito-junit-jupiter-3.3.3.jar;C:\Users\alexsimo.ALEXSIMO-SBOOK\.m2\repository\org\skyscreamer\jsonassert\1.5.0\jsonassert-1.5.0.jar;C:\Users\alexsimo.ALEXSIMO-SBOOK\.m2\repository\com\vaadin\external\google\android-json\0.0.20131108.vaadin1\android-json-0.0.20131108.vaadin1.jar;C:\Users\alexsimo.ALEXSIMO-SBOOK\.m2\repository\org\springframework\spring-core\5.2.12.RELEASE\spring-core-5.2.12.RELEASE.jar;C:\Users\alexsimo.ALEXSIMO-SBOOK\.m2\repository\org\springframework\spring-jcl\5.2.12.RELEASE\spring-jcl-5.2.12.RELEASE.jar;C:\Users\alexsimo.ALEXSIMO-SBOOK\.m2\repository\org\springframework\spring-test\5.2.12.RELEASE\spring-test-5.2.12.RELEASE.jar;C:\Users\alexsimo.ALEXSIMO-SBOOK\.m2\repository\org\xmlunit\xmlunit-core\2.7.0\xmlunit-core-2.7.0.jar;C:\Users\alexsimo.ALEXSIMO-SBOOK\.m2\repository\org\assertj\assertj-core\3.18.0\assertj-core-3.18.0.jar;C:\Users\alexsimo.ALEXSIMO-SBOOK\.m2\repository\org\junit\jupiter\junit-jupiter\5.7.0\junit-jupiter-5.7.0.jar;C:\Users\alexsimo.ALEXSIMO-SBOOK\.m2\repository\org\junit\jupiter\junit-jupiter-api\5.7.0\junit-jupiter-api-5.7.0.jar;C:\Users\alexsimo.ALEXSIMO-SBOOK\.m2\repository\org\opentest4j\opentest4j\1.2.0\opentest4j-1.2.0.jar;C:\Users\alexsimo.ALEXSIMO-SBOOK\.m2\repository\org\junit\platform\junit-platform-commons\1.7.0\junit-platform-commons-1.7.0.jar;C:\Users\alexsimo.ALEXSIMO-SBOOK\.m2\repository\org\junit\jupiter\junit-jupiter-params\5.7.0\junit-jupiter-params-5.7.0.jar;C:\Users\alexsimo.ALEXSIMO-SBOOK\.m2\repository\org\junit\jupiter\junit-jupiter-engine\5.7.0\junit-jupiter-engine-5.7.0.jar;C:\Users\alexsimo.ALEXSIMO-SBOOK\.m2\repository\org\junit\vintage\junit-vintage-engine\5.7.0\junit-vintage-engine-5.7.0.jar;C:\Users\alexsimo.ALEXSIMO-SBOOK\.m2\repository\org\apiguardian\apiguardian-api\1.1.0\apiguardian-api-1.1.0.jar;C:\Users\alexsimo.ALEXSIMO-SBOOK\.m2\repository\org\junit\platform\junit-platform-engine\1.7.0\junit-platform-engine-1.7.0.jar;C:\Users\alexsimo.ALEXSIMO-SBOOK\.m2\repository\junit\junit\4.13.1\junit-4.13.1.jar;C:\Users\alexsimo.ALEXSIMO-SBOOK\.m2\repository\org\hamcrest\hamcrest-core\2.2\hamcrest-core-2.2.jar;C:\Users\alexsimo.ALEXSIMO-SBOOK\.m2\repository\javax\xml\bind\jaxb-api\2.3.1\jaxb-api-2.3.1.jar;C:\Users\alexsimo.ALEXSIMO-SBOOK\.m2\repository\javax\activation\javax.activation-api\1.2.0\javax.activation-api-1.2.0.jar;"/>
    <property name="sun.cpu.endian" value="little"/>
    <property name="user.home" value="C:\Users\alexsimo.ALEXSIMO-SBOOK"/>
    <property name="user.language" value="de"/>
    <property name="java.specification.vendor" value="Oracle Corporation"/>
    <property name="java.home" value="C:\Daten\dev\jdk1.8.0_231\jre"/>
    <property name="basedir" value="C:\Daten\dev\intelliWorkspace\encrypt-decrypt"/>
    <property name="file.separator" value="\"/>
    <property name="line.separator" value="&#10;"/>
    <property name="java.vm.specification.vendor" value="Oracle Corporation"/>
    <property name="java.specification.name" value="Java Platform API Specification"/>
    <property name="java.awt.graphicsenv" value="sun.awt.Win32GraphicsEnvironment"/>
    <property name="idea.version2020.1.3" value="true"/>
    <property name="surefire.real.class.path" value="C:\Users\ALEXSI~1.ALE\AppData\Local\Temp\surefire8695518304490469981\surefirebooter7670933216452136501.jar"/>
    <property name="sun.boot.class.path" value="C:\Daten\dev\jdk1.8.0_231\jre\lib\resources.jar;C:\Daten\dev\jdk1.8.0_231\jre\lib\rt.jar;C:\Daten\dev\jdk1.8.0_231\jre\lib\sunrsasign.jar;C:\Daten\dev\jdk1.8.0_231\jre\lib\jsse.jar;C:\Daten\dev\jdk1.8.0_231\jre\lib\jce.jar;C:\Daten\dev\jdk1.8.0_231\jre\lib\charsets.jar;C:\Daten\dev\jdk1.8.0_231\jre\lib\jfr.jar;C:\Daten\dev\jdk1.8.0_231\jre\classes"/>
    <property name="user.script" value=""/>
    <property name="sun.management.compiler" value="HotSpot 64-Bit Tiered Compilers"/>
    <property name="java.runtime.version" value="1.8.0_231-b11"/>
    <property name="user.name" value="alexsimo"/>
    <property name="path.separator" value=";"/>
    <property name="os.version" value="10.0"/>
    <property name="java.endorsed.dirs" value="C:\Daten\dev\jdk1.8.0_231\jre\lib\endorsed"/>
    <property name="java.runtime.name" value="Java(TM) SE Runtime Environment"/>
    <property name="file.encoding" value="Cp1252"/>
    <property name="java.vm.name" value="Java HotSpot(TM) 64-Bit Server VM"/>
    <property name="localRepository" value="C:\Users\alexsimo.ALEXSIMO-SBOOK\.m2\repository"/>
    <property name="java.vendor.url.bug" value="http://bugreport.sun.com/bugreport/"/>
    <property name="java.io.tmpdir" value="C:\Users\ALEXSI~1.ALE\AppData\Local\Temp\"/>
    <property name="java.version" value="1.8.0_231"/>
    <property name="user.dir" value="C:\Daten\dev\intelliWorkspace\encrypt-decrypt"/>
    <property name="os.arch" value="amd64"/>
    <property name="java.vm.specification.name" value="Java Virtual Machine Specification"/>
    <property name="java.awt.printerjob" value="sun.awt.windows.WPrinterJob"/>
    <property name="sun.os.patch.level" value=""/>
    <property name="java.library.path" value="C:\Daten\dev\jdk1.8.0_231\jre\bin;C:\WINDOWS\Sun\Java\bin;C:\WINDOWS\system32;C:\WINDOWS;C:\WINDOWS\system32;C:\WINDOWS;C:\WINDOWS\System32\Wbem;C:\WINDOWS\System32\WindowsPowerShell\v1.0\;C:\WINDOWS\System32\OpenSSH\;C:\Program Files\dotnet\;C:\Program Files\Microsoft SQL Server\130\Tools\Binn\;C:\Program Files\Microsoft SQL Server\Client SDK\ODBC\170\Tools\Binn\;C:\Daten\dev\apache-maven-3.6.2\bin;C:\Users\alexsimo\AppData\Roaming\Python\Python37\Scripts;C:\Program Files (x86)\Log Parser 2.2;C:\Program Files\Docker\Docker\resources\bin;C:\ProgramData\DockerDesktop\version-bin;C:\Daten\dev\jdk1.8.0_231\bin;C:\Daten\dev\sonarscanner4_4\bin;C:\Daten\dev\nodejs\;C:\ProgramData\chocolatey\bin;C:\Daten\dev\gradle-6.6\bin;C:\Program Files\Graphviz 2.44.1\bin;C:\Program Files\Amazon\AWSCLIV2\;C:\Daten\dev\terraform;C:\Program Files\PuTTY\;C:\Users\alexsimo.ALEXSIMO-SBOOK\AppData\Local\Microsoft\WindowsApps;C:\Daten\dev\terraform;c:\daten\dev\git\bin;;C:\Users\alexsimo.ALEXSIMO-SBOOK\AppData\Local\Programs\Microsoft VS Code\bin;."/>
    <property name="java.vm.info" value="mixed mode"/>
    <property name="java.vendor" value="Oracle Corporation"/>
    <property name="java.vm.version" value="25.231-b11"/>
    <property name="java.ext.dirs" value="C:\Daten\dev\jdk1.8.0_231\jre\lib\ext;C:\WINDOWS\Sun\Java\lib\ext"/>
    <property name="sun.io.unicode.encoding" value="UnicodeLittle"/>
    <property name="java.class.version" value="52.0"/>
  </properties>
  <testcase name="givenString_whenEncrypt_thenSuccess" classname="com.emax_it.rsa.RSAUtilUnitTest" time="1.071"/>
  <testcase name="givenString_whenDecrypt_thenSuccess" classname="com.emax_it.rsa.RSAUtilUnitTest" time="0.013"/>
</testsuite>